<?xml version="1.0" encoding="UTF-8"?>
<!-- Generated by org.testng.reporters.JUnitReportReporter -->
<testsuite skipped="0" hostname="ntinltp2403005" name="Launch" tests="1" failures="0" timestamp="11 Feb 2021 22:33:57 GMT" time="0.003" errors="0">
  <testcase name="launchTheApplication" time="0.003" classname="Launch"/>
</testsuite> <!-- Launch -->
